Build started 6/4/2022 10:51:27 PM.
     1>Project "C:\Users\Fikri Alfadani\Documents\Visual Studio 2010\Projects\3D_Piramid\3D_Piramid\3D_Piramid.vcxproj" on node 2 (build target(s)).
     1>InitializeBuildStatus:
         Creating "Debug\3D_Piramid.unsuccessfulbuild" because "AlwaysCreate" was specified.
       ClCompile:
         C:\Program Files (x86)\Microsoft Visual Studio 10.0\VC\bin\CL.exe /c /I"C:\Users\Fikri Alfadani\Documents\Visual Studio 2010\Projects\3D_Piramid\3D_Piramid\include" /ZI /nologo /W3 /WX- /Od /Oy- /D WIN32 /D _DEBUG /D _CONSOLE /D _UNICODE /D UNICODE /Gm /EHsc /RTC1 /MDd /GS /fp:precise /Zc:wchar_t /Zc:forScope /Fo"Debug\\" /Fd"Debug\vc100.pdb" /Gd /TP /analyze- /errorReport:prompt 3D_Piramid.cpp
         3D_Piramid.cpp
     1>c:\users\fikri alfadani\documents\visual studio 2010\projects\3d_piramid\3d_piramid\3d_piramid.cpp(20): warning C4551: function call missing argument list
       ManifestResourceCompile:
         All outputs are up-to-date.
       Link:
         C:\Program Files (x86)\Microsoft Visual Studio 10.0\VC\bin\link.exe /ERRORREPORT:PROMPT /OUT:"C:\Users\Fikri Alfadani\Documents\Visual Studio 2010\Projects\3D_Piramid\Debug\3D_Piramid.exe" /INCREMENTAL /NOLOGO kernel32.lib user32.lib gdi32.lib winspool.lib comdlg32.lib advapi32.lib shell32.lib ole32.lib oleaut32.lib uuid.lib odbc32.lib odbccp32.lib /MANIFEST /ManifestFile:"Debug\3D_Piramid.exe.intermediate.manifest" /MANIFESTUAC:"level='asInvoker' uiAccess='false'" /DEBUG /PDB:"C:\Users\Fikri Alfadani\Documents\Visual Studio 2010\Projects\3D_Piramid\Debug\3D_Piramid.pdb" /SUBSYSTEM:CONSOLE /TLBID:1 /DYNAMICBASE /NXCOMPAT /IMPLIB:"C:\Users\Fikri Alfadani\Documents\Visual Studio 2010\Projects\3D_Piramid\Debug\3D_Piramid.lib" /MACHINE:X86 Debug\3D_Piramid.exe.embed.manifest.res
         Debug\3D_Piramid.obj
       Manifest:
         C:\Program Files (x86)\Microsoft SDKs\Windows\v7.0A\bin\mt.exe /nologo /verbose /out:"Debug\3D_Piramid.exe.embed.manifest" /manifest Debug\3D_Piramid.exe.intermediate.manifest
         All outputs are up-to-date.
       LinkEmbedManifest:
         All outputs are up-to-date.
         3D_Piramid.vcxproj -> C:\Users\Fikri Alfadani\Documents\Visual Studio 2010\Projects\3D_Piramid\Debug\3D_Piramid.exe
       FinalizeBuildStatus:
         Deleting file "Debug\3D_Piramid.unsuccessfulbuild".
         Touching "Debug\3D_Piramid.lastbuildstate".
     1>Done Building Project "C:\Users\Fikri Alfadani\Documents\Visual Studio 2010\Projects\3D_Piramid\3D_Piramid\3D_Piramid.vcxproj" (build target(s)).

Build succeeded.

Time Elapsed 00:00:00.71
